2018-10-28T13:40:45 | INFO | Logs | AmazonKindleTest | ***START of BEFORETEST***
2018-10-28T13:40:45 | INFO | Logs | AmazonKindleTest | Executing in FIREFOX Browser
2018-10-28T13:40:51 | INFO | Logs | AmazonKindleTest | URL Opened
2018-10-28T13:40:52 | INFO | Logs | AmazonKindleTest | ********TESTCASE START**********
2018-10-28T13:40:52 | INFO | Logs | AmazonKindleTest | In Home Page
2018-10-28T13:40:53 | INFO | Logs | AmazonKindleTest | In Item Description Page
2018-10-28T13:41:03 | INFO | Logs | AmazonKindleTest | In Cart Details Page
2018-10-28T13:41:04 | INFO | Logs | AmazonKindleTest | In Login Page
2018-10-28T13:41:04 | INFO | Logs | AmazonKindleTest | ********TESTCASE END**********
2018-10-28T13:41:05 | INFO | Logs | AmazonKindleTest | DRIVER QUIT
2018-10-28T13:50:14 | INFO | Logs | TestAmazonKindle | ***START of BEFORETEST***
2018-10-28T13:50:14 | INFO | Logs | TestAmazonKindle | Executing in CHROME Browser
2018-10-28T13:50:15 | ERROR | Logs | TestAmazonKindle | Exception Occured While Opening the browser java.lang.IllegalStateException: The driver executable does not exist: /SeleniumAssigment/src/Resources/chromedriver
2018-10-28T13:51:05 | INFO | Logs | TestAmazonKindle | ***START of BEFORETEST***
2018-10-28T13:51:05 | INFO | Logs | TestAmazonKindle | Executing in CHROME Browser
2018-10-28T13:51:05 | ERROR | Logs | TestAmazonKindle | Exception Occured While Opening the browser java.lang.IllegalStateException: The driver executable does not exist: /SeleniumAssigment/src/Resources/chromedriver
2018-10-28T13:51:47 | INFO | Logs | AmazonKindleTest | ***START of BEFORETEST***
2018-10-28T13:51:47 | INFO | Logs | AmazonKindleTest | Executing in CHROME Browser
2018-10-28T13:51:47 | ERROR | Logs | AmazonKindleTest | Exception Occured While Opening the browser java.lang.IllegalStateException: The driver executable does not exist: /SeleniumAssigment/src/Resources/chromedriver
2018-10-28T13:51:47 | INFO | Logs | AmazonKindleTest | ********TESTCASE START**********
2018-10-28T13:51:47 | ERROR | Logs | AmazonKindleTest | An Exception Occured java.lang.NullPointerException
2018-10-28T13:53:35 | INFO | Logs | AmazonKindleTest | ***START of BEFORETEST***
2018-10-28T13:53:35 | INFO | Logs | AmazonKindleTest | Executing in CHROME Browser
2018-10-28T13:53:35 | ERROR | Logs | AmazonKindleTest | Exception Occured While Opening the browser java.lang.IllegalStateException: The driver executable does not exist: /Users/harika93/Documents/SeleniumAssigment/\SeleniumAssigment\src\Resources\chromedriver
2018-10-28T13:53:35 | INFO | Logs | AmazonKindleTest | ********TESTCASE START**********
2018-10-28T13:53:35 | ERROR | Logs | AmazonKindleTest | An Exception Occured java.lang.NullPointerException
2018-10-28T13:54:12 | INFO | Logs | AmazonKindleTest | ***START of BEFORETEST***
2018-10-28T13:54:12 | INFO | Logs | AmazonKindleTest | Executing in CHROME Browser
2018-10-28T13:54:12 | ERROR | Logs | AmazonKindleTest | Exception Occured While Opening the browser java.lang.IllegalStateException: The driver executable does not exist: /Users/harika93/Documents/SeleniumAssigment/.\src\Resources\chromedriver
2018-10-28T13:54:12 | INFO | Logs | AmazonKindleTest | ********TESTCASE START**********
2018-10-28T13:54:13 | ERROR | Logs | AmazonKindleTest | An Exception Occured java.lang.NullPointerException
2018-10-28T13:54:40 | INFO | Logs | AmazonKindleTest | ***START of BEFORETEST***
2018-10-28T13:54:40 | INFO | Logs | AmazonKindleTest | Executing in CHROME Browser
2018-10-28T13:54:40 | ERROR | Logs | AmazonKindleTest | Exception Occured While Opening the browser java.lang.IllegalStateException: The driver executable does not exist: /src/Resources/chromedriver
2018-10-28T13:54:40 | INFO | Logs | AmazonKindleTest | ********TESTCASE START**********
2018-10-28T13:54:40 | ERROR | Logs | AmazonKindleTest | An Exception Occured java.lang.NullPointerException
2018-10-28T13:55:01 | INFO | Logs | AmazonKindleTest | ***START of BEFORETEST***
2018-10-28T13:55:01 | INFO | Logs | AmazonKindleTest | Executing in CHROME Browser
2018-10-28T13:55:05 | ERROR | Logs | AmazonKindleTest | Exception Occured While Opening the browser org.openqa.selenium.SessionNotCreatedException: session not created exception
from unknown error: Runtime.executionContextCreated has invalid 'context': {"auxData":{"frameId":"28C84643871CC7DC1A74727A516C2FD5","isDefault":true,"type":"default"},"id":1,"name":"","origin":"://"}
  (Session info: chrome=70.0.3538.77)
  (Driver info: chromedriver=2.21.371459 (36d3d07f660ff2bc1bf28a75d1cdabed0983e7c4),platform=Mac OS X 10.13.6 x86_64) (WARNING: The server did not provide any stacktrace information)
Command duration or timeout: 3.03 seconds
Build info: version: '2.53.0', revision: '35ae25b1534ae328c771e0856c93e187490ca824', time: '2016-03-15 10:43:46'
System info: host: 'Harikas-MacBook-Air.local', ip: '192.168.2.16', os.name: 'Mac OS X', os.arch: 'x86_64', os.version: '10.13.6', java.version: '1.8.0_144'
Driver info: org.openqa.selenium.chrome.ChromeDriver
2018-10-28T13:55:05 | INFO | Logs | AmazonKindleTest | ********TESTCASE START**********
2018-10-28T13:55:05 | ERROR | Logs | AmazonKindleTest | An Exception Occured java.lang.NullPointerException
2018-10-28T13:58:06 | INFO | Logs | AmazonKindleTest | ***START of BEFORETEST***
2018-10-28T13:58:06 | INFO | Logs | AmazonKindleTest | Executing in CHROME Browser
2018-10-28T13:58:09 | ERROR | Logs | AmazonKindleTest | Exception Occured While Opening the browser org.openqa.selenium.SessionNotCreatedException: session not created exception
from unknown error: Runtime.executionContextCreated has invalid 'context': {"auxData":{"frameId":"EEC48F34F5BCC70BE120D5446A747A4F","isDefault":true,"type":"default"},"id":1,"name":"","origin":"://"}
  (Session info: chrome=70.0.3538.77)
  (Driver info: chromedriver=2.21.371459 (36d3d07f660ff2bc1bf28a75d1cdabed0983e7c4),platform=Mac OS X 10.13.6 x86_64) (WARNING: The server did not provide any stacktrace information)
Command duration or timeout: 1.62 seconds
Build info: version: '2.53.0', revision: '35ae25b1534ae328c771e0856c93e187490ca824', time: '2016-03-15 10:43:46'
System info: host: 'Harikas-MacBook-Air.local', ip: '192.168.2.16', os.name: 'Mac OS X', os.arch: 'x86_64', os.version: '10.13.6', java.version: '1.8.0_144'
Driver info: org.openqa.selenium.chrome.ChromeDriver
2018-10-28T13:58:09 | INFO | Logs | AmazonKindleTest | ********TESTCASE START**********
2018-10-28T13:58:09 | ERROR | Logs | AmazonKindleTest | An Exception Occured java.lang.NullPointerException
2018-10-28T13:59:39 | INFO | Logs | AmazonKindleTest | ***START of BEFORETEST***
2018-10-28T13:59:39 | INFO | Logs | AmazonKindleTest | Executing in CHROME Browser
2018-10-28T13:59:42 | ERROR | Logs | AmazonKindleTest | Exception Occured While Opening the browser org.openqa.selenium.SessionNotCreatedException: session not created exception
from unknown error: Runtime.executionContextCreated has invalid 'context': {"auxData":{"frameId":"523CA44AD27CE34C1A395DB7A9F84EA5","isDefault":true,"type":"default"},"id":1,"name":"","origin":"://"}
  (Session info: chrome=70.0.3538.77)
  (Driver info: chromedriver=2.21.371459 (36d3d07f660ff2bc1bf28a75d1cdabed0983e7c4),platform=Mac OS X 10.13.6 x86_64) (WARNING: The server did not provide any stacktrace information)
Command duration or timeout: 1.47 seconds
Build info: version: '2.53.0', revision: '35ae25b1534ae328c771e0856c93e187490ca824', time: '2016-03-15 10:43:46'
System info: host: 'Harikas-MacBook-Air.local', ip: '192.168.2.16', os.name: 'Mac OS X', os.arch: 'x86_64', os.version: '10.13.6', java.version: '1.8.0_144'
Driver info: org.openqa.selenium.chrome.ChromeDriver
2018-10-28T13:59:42 | INFO | Logs | AmazonKindleTest | ********TESTCASE START**********
2018-10-28T13:59:42 | ERROR | Logs | AmazonKindleTest | An Exception Occured java.lang.NullPointerException
2018-10-28T14:07:26 | INFO | Logs | AmazonKindleTest | ***START of BEFORETEST***
2018-10-28T14:07:26 | INFO | Logs | AmazonKindleTest | Executing in CHROME Browser
2018-10-28T14:07:29 | ERROR | Logs | AmazonKindleTest | Exception Occured While Opening the browser org.openqa.selenium.SessionNotCreatedException: session not created exception
from unknown error: Runtime.executionContextCreated has invalid 'context': {"auxData":{"frameId":"6AC0863AE1085E67498495E9A25CF4BF","isDefault":true,"type":"default"},"id":1,"name":"","origin":"://"}
  (Session info: chrome=70.0.3538.77)
  (Driver info: chromedriver=2.21.371459 (36d3d07f660ff2bc1bf28a75d1cdabed0983e7c4),platform=Mac OS X 10.13.6 x86_64) (WARNING: The server did not provide any stacktrace information)
Command duration or timeout: 1.67 seconds
Build info: version: '2.53.0', revision: '35ae25b1534ae328c771e0856c93e187490ca824', time: '2016-03-15 10:43:46'
System info: host: 'Harikas-MacBook-Air.local', ip: '192.168.2.16', os.name: 'Mac OS X', os.arch: 'x86_64', os.version: '10.13.6', java.version: '1.8.0_144'
Driver info: org.openqa.selenium.chrome.ChromeDriver
2018-10-28T14:07:29 | INFO | Logs | AmazonKindleTest | ********TESTCASE START**********
2018-10-28T14:07:29 | ERROR | Logs | AmazonKindleTest | An Exception Occured java.lang.NullPointerException
2018-10-28T14:08:35 | INFO | Logs | AmazonKindleTest | ***START of BEFORETEST***
2018-10-28T14:08:36 | INFO | Logs | AmazonKindleTest | Executing in CHROME Browser
2018-10-28T14:08:43 | INFO | Logs | AmazonKindleTest | URL Opened
2018-10-28T14:08:43 | ERROR | Logs | AmazonKindleTest | Exception Occured While Opening the browser org.openqa.selenium.WebDriverException: unknown error: call function result missing 'value'
  (Session info: chrome=70.0.3538.77)
  (Driver info: chromedriver=2.24.417412 (ac882d3ce7c0d99292439bf3405780058fcca0a6),platform=Mac OS X 10.13.6 x86_64) (WARNING: The server did not provide any stacktrace information)
Command duration or timeout: 81 milliseconds
Build info: version: '2.53.0', revision: '35ae25b1534ae328c771e0856c93e187490ca824', time: '2016-03-15 10:43:46'
System info: host: 'Harikas-MacBook-Air.local', ip: '192.168.2.16', os.name: 'Mac OS X', os.arch: 'x86_64', os.version: '10.13.6', java.version: '1.8.0_144'
Driver info: org.openqa.selenium.chrome.ChromeDriver
Capabilities [{applicationCacheEnabled=false, rotatable=false, mobileEmulationEnabled=false, networkConnectionEnabled=false, chrome={chromedriverVersion=2.24.417412 (ac882d3ce7c0d99292439bf3405780058fcca0a6), userDataDir=/var/folders/vp/0n3fsbdj5c709fz0h5ct1nzr0000gn/T/.org.chromium.Chromium.ipWgIw}, takesHeapSnapshot=true, pageLoadStrategy=normal, databaseEnabled=false, handlesAlerts=true, hasTouchScreen=false, version=70.0.3538.77, platform=MAC, browserConnectionEnabled=false, nativeEvents=true, acceptSslCerts=true, locationContextEnabled=true, webStorageEnabled=true, browserName=chrome, takesScreenshot=true, javascriptEnabled=true, cssSelectorsEnabled=true}]
Session ID: 77846746505f991ab2dad4a1f1dad5b8
2018-10-28T14:08:43 | INFO | Logs | AmazonKindleTest | ********TESTCASE START**********
2018-10-28T14:08:43 | INFO | Logs | AmazonKindleTest | In Home Page
2018-10-28T14:08:46 | INFO | Logs | AmazonKindleTest | In Item Description Page
2018-10-28T14:08:48 | ERROR | Logs | AmazonKindleTest | An Exception Occured org.openqa.selenium.WebDriverException: unknown error: call function result missing 'value'
  (Session info: chrome=70.0.3538.77)
  (Driver info: chromedriver=2.24.417412 (ac882d3ce7c0d99292439bf3405780058fcca0a6),platform=Mac OS X 10.13.6 x86_64) (WARNING: The server did not provide any stacktrace information)
Command duration or timeout: 89 milliseconds
Build info: version: '2.53.0', revision: '35ae25b1534ae328c771e0856c93e187490ca824', time: '2016-03-15 10:43:46'
System info: host: 'Harikas-MacBook-Air.local', ip: '192.168.2.16', os.name: 'Mac OS X', os.arch: 'x86_64', os.version: '10.13.6', java.version: '1.8.0_144'
Driver info: org.openqa.selenium.chrome.ChromeDriver
Capabilities [{applicationCacheEnabled=false, rotatable=false, mobileEmulationEnabled=false, networkConnectionEnabled=false, chrome={chromedriverVersion=2.24.417412 (ac882d3ce7c0d99292439bf3405780058fcca0a6), userDataDir=/var/folders/vp/0n3fsbdj5c709fz0h5ct1nzr0000gn/T/.org.chromium.Chromium.ipWgIw}, takesHeapSnapshot=true, pageLoadStrategy=normal, databaseEnabled=false, handlesAlerts=true, hasTouchScreen=false, version=70.0.3538.77, platform=MAC, browserConnectionEnabled=false, nativeEvents=true, acceptSslCerts=true, locationContextEnabled=true, webStorageEnabled=true, browserName=chrome, takesScreenshot=true, javascriptEnabled=true, cssSelectorsEnabled=true}]
Session ID: 77846746505f991ab2dad4a1f1dad5b8
2018-10-28T14:08:48 | INFO | Logs | AmazonKindleTest | DRIVER QUIT
2018-10-28T14:11:04 | INFO | Logs | AmazonKindleTest | ***START of BEFORETEST***
2018-10-28T14:11:04 | INFO | Logs | AmazonKindleTest | Executing in CHROME Browser
2018-10-28T14:11:11 | INFO | Logs | AmazonKindleTest | URL Opened
2018-10-28T14:11:11 | ERROR | Logs | AmazonKindleTest | Exception Occured While Opening the browser org.openqa.selenium.WebDriverException: unknown error: failed to change window state to maximized, current state is normal
  (Session info: chrome=70.0.3538.77)
  (Driver info: chromedriver=2.43.600229 (3fae4d0cda5334b4f533bede5a4787f7b832d052),platform=Mac OS X 10.13.6 x86_64) (WARNING: The server did not provide any stacktrace information)
Command duration or timeout: 112 milliseconds
Build info: version: '2.53.0', revision: '35ae25b1534ae328c771e0856c93e187490ca824', time: '2016-03-15 10:43:46'
System info: host: 'Harikas-MacBook-Air.local', ip: '192.168.2.16', os.name: 'Mac OS X', os.arch: 'x86_64', os.version: '10.13.6', java.version: '1.8.0_144'
Driver info: org.openqa.selenium.chrome.ChromeDriver
Capabilities [{mobileEmulationEnabled=false, hasTouchScreen=false, platform=MAC, acceptSslCerts=false, goog:chromeOptions={debuggerAddress=localhost:57778}, acceptInsecureCerts=false, webStorageEnabled=true, browserName=chrome, takesScreenshot=true, javascriptEnabled=true, setWindowRect=true, unexpectedAlertBehaviour=, applicationCacheEnabled=false, rotatable=false, networkConnectionEnabled=false, chrome={chromedriverVersion=2.43.600229 (3fae4d0cda5334b4f533bede5a4787f7b832d052), userDataDir=/var/folders/vp/0n3fsbdj5c709fz0h5ct1nzr0000gn/T/.org.chromium.Chromium.zCnTJE}, takesHeapSnapshot=true, pageLoadStrategy=normal, databaseEnabled=false, handlesAlerts=true, version=70.0.3538.77, browserConnectionEnabled=false, nativeEvents=true, locationContextEnabled=true, cssSelectorsEnabled=true}]
Session ID: c951f8475558ad897c341f95549bdb0b
2018-10-28T14:11:11 | INFO | Logs | AmazonKindleTest | ********TESTCASE START**********
2018-10-28T14:11:11 | INFO | Logs | AmazonKindleTest | In Home Page
2018-10-28T14:11:15 | INFO | Logs | AmazonKindleTest | In Item Description Page
2018-10-28T14:11:16 | INFO | Logs | AmazonKindleTest | In Cart Details Page
2018-10-28T14:12:16 | ERROR | Logs | AmazonKindleTest | Element Not Found Exception org.openqa.selenium.NoSuchElementException: no such element: Unable to locate element: {"method":"xpath","selector":"//a[@class='hucSprite s_checkout hlb-checkout-button']"}
  (Session info: chrome=70.0.3538.77)
  (Driver info: chromedriver=2.43.600229 (3fae4d0cda5334b4f533bede5a4787f7b832d052),platform=Mac OS X 10.13.6 x86_64) (WARNING: The server did not provide any stacktrace information)
Command duration or timeout: 24 milliseconds
For documentation on this error, please visit: http://seleniumhq.org/exceptions/no_such_element.html
Build info: version: '2.53.0', revision: '35ae25b1534ae328c771e0856c93e187490ca824', time: '2016-03-15 10:43:46'
System info: host: 'Harikas-MacBook-Air.local', ip: '192.168.2.16', os.name: 'Mac OS X', os.arch: 'x86_64', os.version: '10.13.6', java.version: '1.8.0_144'
Driver info: org.openqa.selenium.chrome.ChromeDriver
Capabilities [{mobileEmulationEnabled=false, hasTouchScreen=false, platform=MAC, acceptSslCerts=false, goog:chromeOptions={debuggerAddress=localhost:57778}, acceptInsecureCerts=false, webStorageEnabled=true, browserName=chrome, takesScreenshot=true, javascriptEnabled=true, setWindowRect=true, unexpectedAlertBehaviour=, applicationCacheEnabled=false, rotatable=false, networkConnectionEnabled=false, chrome={chromedriverVersion=2.43.600229 (3fae4d0cda5334b4f533bede5a4787f7b832d052), userDataDir=/var/folders/vp/0n3fsbdj5c709fz0h5ct1nzr0000gn/T/.org.chromium.Chromium.zCnTJE}, takesHeapSnapshot=true, pageLoadStrategy=normal, databaseEnabled=false, handlesAlerts=true, version=70.0.3538.77, browserConnectionEnabled=false, nativeEvents=true, locationContextEnabled=true, cssSelectorsEnabled=true}]
Session ID: c951f8475558ad897c341f95549bdb0b
*** Element info: {Using=xpath, value=//a[@class='hucSprite s_checkout hlb-checkout-button']}
2018-10-28T14:12:17 | INFO | Logs | AmazonKindleTest | DRIVER QUIT
2018-10-28T14:16:11 | INFO | Logs | AmazonKindleTest | ***START of BEFORETEST***
2018-10-28T14:16:11 | INFO | Logs | AmazonKindleTest | Executing in CHROME Browser
2018-10-28T14:16:19 | INFO | Logs | AmazonKindleTest | URL Opened
2018-10-28T14:16:19 | ERROR | Logs | AmazonKindleTest | Exception Occured While Opening the browser org.openqa.selenium.WebDriverException: unknown error: failed to change window state to maximized, current state is normal
  (Session info: chrome=70.0.3538.77)
  (Driver info: chromedriver=2.43.600229 (3fae4d0cda5334b4f533bede5a4787f7b832d052),platform=Mac OS X 10.13.6 x86_64) (WARNING: The server did not provide any stacktrace information)
Command duration or timeout: 113 milliseconds
Build info: version: '2.53.0', revision: '35ae25b1534ae328c771e0856c93e187490ca824', time: '2016-03-15 10:43:46'
System info: host: 'Harikas-MacBook-Air.local', ip: '192.168.2.16', os.name: 'Mac OS X', os.arch: 'x86_64', os.version: '10.13.6', java.version: '1.8.0_144'
Driver info: org.openqa.selenium.chrome.ChromeDriver
Capabilities [{mobileEmulationEnabled=false, hasTouchScreen=false, platform=MAC, acceptSslCerts=false, goog:chromeOptions={debuggerAddress=localhost:58623}, acceptInsecureCerts=false, webStorageEnabled=true, browserName=chrome, takesScreenshot=true, javascriptEnabled=true, setWindowRect=true, unexpectedAlertBehaviour=, applicationCacheEnabled=false, rotatable=false, networkConnectionEnabled=false, chrome={chromedriverVersion=2.43.600229 (3fae4d0cda5334b4f533bede5a4787f7b832d052), userDataDir=/var/folders/vp/0n3fsbdj5c709fz0h5ct1nzr0000gn/T/.org.chromium.Chromium.T2vMyQ}, takesHeapSnapshot=true, pageLoadStrategy=normal, databaseEnabled=false, handlesAlerts=true, version=70.0.3538.77, browserConnectionEnabled=false, nativeEvents=true, locationContextEnabled=true, cssSelectorsEnabled=true}]
Session ID: 6d23fda31e9356d2f3f6a19f01c7b7bb
2018-10-28T14:16:19 | INFO | Logs | AmazonKindleTest | ********TESTCASE START**********
2018-10-28T14:16:19 | INFO | Logs | AmazonKindleTest | In Home Page
2018-10-28T14:16:24 | INFO | Logs | AmazonKindleTest | In Item Description Page
2018-10-28T14:16:25 | INFO | Logs | AmazonKindleTest | In Cart Details Page
2018-10-28T14:16:53 | INFO | Logs | AmazonKindleTest | In Login Page
2018-10-28T14:16:53 | INFO | Logs | AmazonKindleTest | ********TESTCASE END**********
2018-10-28T14:16:53 | INFO | Logs | AmazonKindleTest | DRIVER QUIT
2018-10-28T14:59:42 | INFO | Logs | AmazonKindleTest | ***START of BEFORETEST***
2018-10-28T14:59:42 | INFO | Logs | AmazonKindleTest | Executing in CHROME Browser
2018-10-28T14:59:50 | INFO | Logs | AmazonKindleTest | URL Opened
2018-10-28T14:59:51 | ERROR | Logs | AmazonKindleTest | Exception Occured While Opening the browser org.openqa.selenium.WebDriverException: unknown error: failed to change window state to maximized, current state is normal
  (Session info: chrome=70.0.3538.77)
  (Driver info: chromedriver=2.43.600229 (3fae4d0cda5334b4f533bede5a4787f7b832d052),platform=Mac OS X 10.13.6 x86_64) (WARNING: The server did not provide any stacktrace information)
Command duration or timeout: 145 milliseconds
Build info: version: '2.53.0', revision: '35ae25b1534ae328c771e0856c93e187490ca824', time: '2016-03-15 10:43:46'
System info: host: 'Harikas-MacBook-Air.local', ip: '192.168.2.16', os.name: 'Mac OS X', os.arch: 'x86_64', os.version: '10.13.6', java.version: '1.8.0_144'
Driver info: org.openqa.selenium.chrome.ChromeDriver
Capabilities [{mobileEmulationEnabled=false, hasTouchScreen=false, platform=MAC, acceptSslCerts=false, goog:chromeOptions={debuggerAddress=localhost:52882}, acceptInsecureCerts=false, webStorageEnabled=true, browserName=chrome, takesScreenshot=true, javascriptEnabled=true, setWindowRect=true, unexpectedAlertBehaviour=, applicationCacheEnabled=false, rotatable=false, networkConnectionEnabled=false, chrome={chromedriverVersion=2.43.600229 (3fae4d0cda5334b4f533bede5a4787f7b832d052), userDataDir=/var/folders/vp/0n3fsbdj5c709fz0h5ct1nzr0000gn/T/.org.chromium.Chromium.ZeWZMv}, takesHeapSnapshot=true, pageLoadStrategy=normal, databaseEnabled=false, handlesAlerts=true, version=70.0.3538.77, browserConnectionEnabled=false, nativeEvents=true, locationContextEnabled=true, cssSelectorsEnabled=true}]
Session ID: f87e506cf51567ca17e6ca45ea310b7d
2018-10-28T14:59:51 | INFO | Logs | AmazonKindleTest | ********TESTCASE START**********
2018-10-28T14:59:51 | INFO | Logs | AmazonKindleTest | In Home Page
2018-10-28T14:59:55 | INFO | Logs | AmazonKindleTest | In Item Description Page
2018-10-28T14:59:56 | INFO | Logs | AmazonKindleTest | In Cart Details Page
2018-10-28T15:00:56 | ERROR | Logs | AmazonKindleTest | Element Not Found Exception org.openqa.selenium.NoSuchElementException: no such element: Unable to locate element: {"method":"xpath","selector":"//a[@class='hucSprite s_checkout hlb-checkout-button']"}
  (Session info: chrome=70.0.3538.77)
  (Driver info: chromedriver=2.43.600229 (3fae4d0cda5334b4f533bede5a4787f7b832d052),platform=Mac OS X 10.13.6 x86_64) (WARNING: The server did not provide any stacktrace information)
Command duration or timeout: 20 milliseconds
For documentation on this error, please visit: http://seleniumhq.org/exceptions/no_such_element.html
Build info: version: '2.53.0', revision: '35ae25b1534ae328c771e0856c93e187490ca824', time: '2016-03-15 10:43:46'
System info: host: 'Harikas-MacBook-Air.local', ip: '192.168.2.16', os.name: 'Mac OS X', os.arch: 'x86_64', os.version: '10.13.6', java.version: '1.8.0_144'
Driver info: org.openqa.selenium.chrome.ChromeDriver
Capabilities [{mobileEmulationEnabled=false, hasTouchScreen=false, platform=MAC, acceptSslCerts=false, goog:chromeOptions={debuggerAddress=localhost:52882}, acceptInsecureCerts=false, webStorageEnabled=true, browserName=chrome, takesScreenshot=true, javascriptEnabled=true, setWindowRect=true, unexpectedAlertBehaviour=, applicationCacheEnabled=false, rotatable=false, networkConnectionEnabled=false, chrome={chromedriverVersion=2.43.600229 (3fae4d0cda5334b4f533bede5a4787f7b832d052), userDataDir=/var/folders/vp/0n3fsbdj5c709fz0h5ct1nzr0000gn/T/.org.chromium.Chromium.ZeWZMv}, takesHeapSnapshot=true, pageLoadStrategy=normal, databaseEnabled=false, handlesAlerts=true, version=70.0.3538.77, browserConnectionEnabled=false, nativeEvents=true, locationContextEnabled=true, cssSelectorsEnabled=true}]
Session ID: f87e506cf51567ca17e6ca45ea310b7d
*** Element info: {Using=xpath, value=//a[@class='hucSprite s_checkout hlb-checkout-button']}
2018-10-28T15:00:57 | INFO | Logs | AmazonKindleTest | DRIVER QUIT
2018-10-28T15:02:31 | INFO | Logs | AmazonKindleTest | ***START of BEFORETEST***
2018-10-28T15:02:31 | INFO | Logs | AmazonKindleTest | Executing in CHROME Browser
2018-10-28T15:02:40 | INFO | Logs | AmazonKindleTest | URL Opened
2018-10-28T15:02:40 | ERROR | Logs | AmazonKindleTest | Exception Occured While Opening the browser org.openqa.selenium.WebDriverException: unknown error: failed to change window state to maximized, current state is normal
  (Session info: chrome=70.0.3538.77)
  (Driver info: chromedriver=2.43.600229 (3fae4d0cda5334b4f533bede5a4787f7b832d052),platform=Mac OS X 10.13.6 x86_64) (WARNING: The server did not provide any stacktrace information)
Command duration or timeout: 115 milliseconds
Build info: version: '2.53.0', revision: '35ae25b1534ae328c771e0856c93e187490ca824', time: '2016-03-15 10:43:46'
System info: host: 'Harikas-MacBook-Air.local', ip: '192.168.2.16', os.name: 'Mac OS X', os.arch: 'x86_64', os.version: '10.13.6', java.version: '1.8.0_144'
Driver info: org.openqa.selenium.chrome.ChromeDriver
Capabilities [{mobileEmulationEnabled=false, hasTouchScreen=false, platform=MAC, acceptSslCerts=false, goog:chromeOptions={debuggerAddress=localhost:53792}, acceptInsecureCerts=false, webStorageEnabled=true, browserName=chrome, takesScreenshot=true, javascriptEnabled=true, setWindowRect=true, unexpectedAlertBehaviour=, applicationCacheEnabled=false, rotatable=false, networkConnectionEnabled=false, chrome={chromedriverVersion=2.43.600229 (3fae4d0cda5334b4f533bede5a4787f7b832d052), userDataDir=/var/folders/vp/0n3fsbdj5c709fz0h5ct1nzr0000gn/T/.org.chromium.Chromium.swyVrx}, takesHeapSnapshot=true, pageLoadStrategy=normal, databaseEnabled=false, handlesAlerts=true, version=70.0.3538.77, browserConnectionEnabled=false, nativeEvents=true, locationContextEnabled=true, cssSelectorsEnabled=true}]
Session ID: d4517161397bc02dbca59ba7fd964841
2018-10-28T15:02:40 | INFO | Logs | AmazonKindleTest | ********TESTCASE START**********
2018-10-28T15:02:40 | INFO | Logs | AmazonKindleTest | In Home Page
2018-10-28T15:02:44 | INFO | Logs | AmazonKindleTest | In Item Description Page
2018-10-28T15:02:46 | INFO | Logs | AmazonKindleTest | In Cart Details Page
2018-10-28T15:02:59 | INFO | Logs | AmazonKindleTest | In Login Page
2018-10-28T15:02:59 | INFO | Logs | AmazonKindleTest | ********TESTCASE END**********
2018-10-28T15:02:59 | INFO | Logs | AmazonKindleTest | DRIVER QUIT
2018-10-28T15:06:19 | INFO | Logs | AmazonKindleTest | ***START of BEFORETEST***
2018-10-28T15:06:19 | INFO | Logs | AmazonKindleTest | Executing in CHROME Browser
2018-10-28T15:06:29 | INFO | Logs | AmazonKindleTest | URL Opened
2018-10-28T15:06:29 | ERROR | Logs | AmazonKindleTest | Exception Occured While Opening the browser org.openqa.selenium.WebDriverException: unknown error: failed to change window state to maximized, current state is normal
  (Session info: chrome=70.0.3538.77)
  (Driver info: chromedriver=2.43.600229 (3fae4d0cda5334b4f533bede5a4787f7b832d052),platform=Mac OS X 10.13.6 x86_64) (WARNING: The server did not provide any stacktrace information)
Command duration or timeout: 110 milliseconds
Build info: version: '2.53.0', revision: '35ae25b1534ae328c771e0856c93e187490ca824', time: '2016-03-15 10:43:46'
System info: host: 'Harikas-MacBook-Air.local', ip: '192.168.2.16', os.name: 'Mac OS X', os.arch: 'x86_64', os.version: '10.13.6', java.version: '1.8.0_144'
Driver info: org.openqa.selenium.chrome.ChromeDriver
Capabilities [{mobileEmulationEnabled=false, hasTouchScreen=false, platform=MAC, acceptSslCerts=false, goog:chromeOptions={debuggerAddress=localhost:54831}, acceptInsecureCerts=false, webStorageEnabled=true, browserName=chrome, takesScreenshot=true, javascriptEnabled=true, setWindowRect=true, unexpectedAlertBehaviour=, applicationCacheEnabled=false, rotatable=false, networkConnectionEnabled=false, chrome={chromedriverVersion=2.43.600229 (3fae4d0cda5334b4f533bede5a4787f7b832d052), userDataDir=/var/folders/vp/0n3fsbdj5c709fz0h5ct1nzr0000gn/T/.org.chromium.Chromium.rxgDGT}, takesHeapSnapshot=true, pageLoadStrategy=normal, databaseEnabled=false, handlesAlerts=true, version=70.0.3538.77, browserConnectionEnabled=false, nativeEvents=true, locationContextEnabled=true, cssSelectorsEnabled=true}]
Session ID: 0b6847c6197aa7b8b88cccbbe8eb4a3c
2018-10-28T15:06:29 | INFO | Logs | AmazonKindleTest | ********TESTCASE START**********
2018-10-28T15:06:29 | INFO | Logs | AmazonKindleTest | In Home Page
2018-10-28T15:06:33 | INFO | Logs | AmazonKindleTest | In Item Description Page
2018-10-28T15:07:34 | ERROR | Logs | AmazonKindleTest | Element Not Found Exception org.openqa.selenium.NoSuchElementException: no such element: Unable to locate element: {"method":"xpath","selector":"//*[@id='a-autoid-21']/span/button[@class='a-button-input']"}
  (Session info: chrome=70.0.3538.77)
  (Driver info: chromedriver=2.43.600229 (3fae4d0cda5334b4f533bede5a4787f7b832d052),platform=Mac OS X 10.13.6 x86_64) (WARNING: The server did not provide any stacktrace information)
Command duration or timeout: 21 milliseconds
For documentation on this error, please visit: http://seleniumhq.org/exceptions/no_such_element.html
Build info: version: '2.53.0', revision: '35ae25b1534ae328c771e0856c93e187490ca824', time: '2016-03-15 10:43:46'
System info: host: 'Harikas-MacBook-Air.local', ip: '192.168.2.16', os.name: 'Mac OS X', os.arch: 'x86_64', os.version: '10.13.6', java.version: '1.8.0_144'
Driver info: org.openqa.selenium.chrome.ChromeDriver
Capabilities [{mobileEmulationEnabled=false, hasTouchScreen=false, platform=MAC, acceptSslCerts=false, goog:chromeOptions={debuggerAddress=localhost:54831}, acceptInsecureCerts=false, webStorageEnabled=true, browserName=chrome, takesScreenshot=true, javascriptEnabled=true, setWindowRect=true, unexpectedAlertBehaviour=, applicationCacheEnabled=false, rotatable=false, networkConnectionEnabled=false, chrome={chromedriverVersion=2.43.600229 (3fae4d0cda5334b4f533bede5a4787f7b832d052), userDataDir=/var/folders/vp/0n3fsbdj5c709fz0h5ct1nzr0000gn/T/.org.chromium.Chromium.rxgDGT}, takesHeapSnapshot=true, pageLoadStrategy=normal, databaseEnabled=false, handlesAlerts=true, version=70.0.3538.77, browserConnectionEnabled=false, nativeEvents=true, locationContextEnabled=true, cssSelectorsEnabled=true}]
Session ID: 0b6847c6197aa7b8b88cccbbe8eb4a3c
*** Element info: {Using=xpath, value=//*[@id='a-autoid-21']/span/button[@class='a-button-input']}
2018-10-28T15:07:34 | INFO | Logs | AmazonKindleTest | DRIVER QUIT
2018-10-28T15:10:02 | INFO | Logs | AmazonKindleTest | ***START of BEFORETEST***
2018-10-28T15:10:02 | INFO | Logs | AmazonKindleTest | Executing in CHROME Browser
2018-10-28T15:10:11 | INFO | Logs | AmazonKindleTest | URL Opened
2018-10-28T15:10:11 | ERROR | Logs | AmazonKindleTest | Exception Occured While Opening the browser org.openqa.selenium.WebDriverException: unknown error: failed to change window state to maximized, current state is normal
  (Session info: chrome=70.0.3538.77)
  (Driver info: chromedriver=2.43.600229 (3fae4d0cda5334b4f533bede5a4787f7b832d052),platform=Mac OS X 10.13.6 x86_64) (WARNING: The server did not provide any stacktrace information)
Command duration or timeout: 112 milliseconds
Build info: version: '2.53.0', revision: '35ae25b1534ae328c771e0856c93e187490ca824', time: '2016-03-15 10:43:46'
System info: host: 'Harikas-MacBook-Air.local', ip: '192.168.2.16', os.name: 'Mac OS X', os.arch: 'x86_64', os.version: '10.13.6', java.version: '1.8.0_144'
Driver info: org.openqa.selenium.chrome.ChromeDriver
Capabilities [{mobileEmulationEnabled=false, hasTouchScreen=false, platform=MAC, acceptSslCerts=false, goog:chromeOptions={debuggerAddress=localhost:55846}, acceptInsecureCerts=false, webStorageEnabled=true, browserName=chrome, takesScreenshot=true, javascriptEnabled=true, setWindowRect=true, unexpectedAlertBehaviour=, applicationCacheEnabled=false, rotatable=false, networkConnectionEnabled=false, chrome={chromedriverVersion=2.43.600229 (3fae4d0cda5334b4f533bede5a4787f7b832d052), userDataDir=/var/folders/vp/0n3fsbdj5c709fz0h5ct1nzr0000gn/T/.org.chromium.Chromium.bGZkO9}, takesHeapSnapshot=true, pageLoadStrategy=normal, databaseEnabled=false, handlesAlerts=true, version=70.0.3538.77, browserConnectionEnabled=false, nativeEvents=true, locationContextEnabled=true, cssSelectorsEnabled=true}]
Session ID: 59ab21ddf79b2c149c80a6119d30d452
2018-10-28T15:10:11 | INFO | Logs | AmazonKindleTest | ********TESTCASE START**********
2018-10-28T15:10:11 | INFO | Logs | AmazonKindleTest | In Home Page
2018-10-28T15:10:15 | INFO | Logs | AmazonKindleTest | In Item Description Page
2018-10-28T15:10:16 | INFO | Logs | AmazonKindleTest | In Cart Details Page
2018-10-28T15:11:16 | ERROR | Logs | AmazonKindleTest | Element Not Found Exception org.openqa.selenium.NoSuchElementException: no such element: Unable to locate element: {"method":"xpath","selector":"//a[@class='hucSprite s_checkout hlb-checkout-button']"}
  (Session info: chrome=70.0.3538.77)
  (Driver info: chromedriver=2.43.600229 (3fae4d0cda5334b4f533bede5a4787f7b832d052),platform=Mac OS X 10.13.6 x86_64) (WARNING: The server did not provide any stacktrace information)
Command duration or timeout: 17 milliseconds
For documentation on this error, please visit: http://seleniumhq.org/exceptions/no_such_element.html
Build info: version: '2.53.0', revision: '35ae25b1534ae328c771e0856c93e187490ca824', time: '2016-03-15 10:43:46'
System info: host: 'Harikas-MacBook-Air.local', ip: '192.168.2.16', os.name: 'Mac OS X', os.arch: 'x86_64', os.version: '10.13.6', java.version: '1.8.0_144'
Driver info: org.openqa.selenium.chrome.ChromeDriver
Capabilities [{mobileEmulationEnabled=false, hasTouchScreen=false, platform=MAC, acceptSslCerts=false, goog:chromeOptions={debuggerAddress=localhost:55846}, acceptInsecureCerts=false, webStorageEnabled=true, browserName=chrome, takesScreenshot=true, javascriptEnabled=true, setWindowRect=true, unexpectedAlertBehaviour=, applicationCacheEnabled=false, rotatable=false, networkConnectionEnabled=false, chrome={chromedriverVersion=2.43.600229 (3fae4d0cda5334b4f533bede5a4787f7b832d052), userDataDir=/var/folders/vp/0n3fsbdj5c709fz0h5ct1nzr0000gn/T/.org.chromium.Chromium.bGZkO9}, takesHeapSnapshot=true, pageLoadStrategy=normal, databaseEnabled=false, handlesAlerts=true, version=70.0.3538.77, browserConnectionEnabled=false, nativeEvents=true, locationContextEnabled=true, cssSelectorsEnabled=true}]
Session ID: 59ab21ddf79b2c149c80a6119d30d452
*** Element info: {Using=xpath, value=//a[@class='hucSprite s_checkout hlb-checkout-button']}
2018-10-28T15:11:17 | INFO | Logs | AmazonKindleTest | DRIVER QUIT
2018-10-28T15:22:23 | INFO | Logs | AmazonKindleTest | ***START of BEFORETEST***
2018-10-28T15:22:23 | INFO | Logs | AmazonKindleTest | Executing in CHROME Browser
2018-10-28T15:22:30 | INFO | Logs | AmazonKindleTest | URL Opened
2018-10-28T15:22:31 | ERROR | Logs | AmazonKindleTest | Exception Occured While Opening the browser org.openqa.selenium.WebDriverException: unknown error: failed to change window state to maximized, current state is normal
  (Session info: chrome=70.0.3538.77)
  (Driver info: chromedriver=2.43.600229 (3fae4d0cda5334b4f533bede5a4787f7b832d052),platform=Mac OS X 10.13.6 x86_64) (WARNING: The server did not provide any stacktrace information)
Command duration or timeout: 111 milliseconds
Build info: version: '2.53.0', revision: '35ae25b1534ae328c771e0856c93e187490ca824', time: '2016-03-15 10:43:46'
System info: host: 'Harikas-MacBook-Air.local', ip: '192.168.2.16', os.name: 'Mac OS X', os.arch: 'x86_64', os.version: '10.13.6', java.version: '1.8.0_144'
Driver info: org.openqa.selenium.chrome.ChromeDriver
Capabilities [{mobileEmulationEnabled=false, hasTouchScreen=false, platform=MAC, acceptSslCerts=false, goog:chromeOptions={debuggerAddress=localhost:58918}, acceptInsecureCerts=false, webStorageEnabled=true, browserName=chrome, takesScreenshot=true, javascriptEnabled=true, setWindowRect=true, unexpectedAlertBehaviour=, applicationCacheEnabled=false, rotatable=false, networkConnectionEnabled=false, chrome={chromedriverVersion=2.43.600229 (3fae4d0cda5334b4f533bede5a4787f7b832d052), userDataDir=/var/folders/vp/0n3fsbdj5c709fz0h5ct1nzr0000gn/T/.org.chromium.Chromium.0IWco0}, takesHeapSnapshot=true, pageLoadStrategy=normal, databaseEnabled=false, handlesAlerts=true, version=70.0.3538.77, browserConnectionEnabled=false, nativeEvents=true, locationContextEnabled=true, cssSelectorsEnabled=true}]
Session ID: 02bb588440dd62e9a930bcbcb72f6b8d
2018-10-28T15:22:31 | INFO | Logs | AmazonKindleTest | ********TESTCASE START**********
2018-10-28T15:22:31 | INFO | Logs | AmazonKindleTest | In Home Page
2018-10-28T15:22:35 | INFO | Logs | AmazonKindleTest | In Item Description Page
2018-10-28T15:22:36 | INFO | Logs | AmazonKindleTest | In Cart Details Page
2018-10-28T15:23:36 | ERROR | Logs | AmazonKindleTest | Element Not Found Exception org.openqa.selenium.NoSuchElementException: no such element: Unable to locate element: {"method":"xpath","selector":"//a[@class='hucSprite s_checkout hlb-checkout-button']"}
  (Session info: chrome=70.0.3538.77)
  (Driver info: chromedriver=2.43.600229 (3fae4d0cda5334b4f533bede5a4787f7b832d052),platform=Mac OS X 10.13.6 x86_64) (WARNING: The server did not provide any stacktrace information)
Command duration or timeout: 19 milliseconds
For documentation on this error, please visit: http://seleniumhq.org/exceptions/no_such_element.html
Build info: version: '2.53.0', revision: '35ae25b1534ae328c771e0856c93e187490ca824', time: '2016-03-15 10:43:46'
System info: host: 'Harikas-MacBook-Air.local', ip: '192.168.2.16', os.name: 'Mac OS X', os.arch: 'x86_64', os.version: '10.13.6', java.version: '1.8.0_144'
Driver info: org.openqa.selenium.chrome.ChromeDriver
Capabilities [{mobileEmulationEnabled=false, hasTouchScreen=false, platform=MAC, acceptSslCerts=false, goog:chromeOptions={debuggerAddress=localhost:58918}, acceptInsecureCerts=false, webStorageEnabled=true, browserName=chrome, takesScreenshot=true, javascriptEnabled=true, setWindowRect=true, unexpectedAlertBehaviour=, applicationCacheEnabled=false, rotatable=false, networkConnectionEnabled=false, chrome={chromedriverVersion=2.43.600229 (3fae4d0cda5334b4f533bede5a4787f7b832d052), userDataDir=/var/folders/vp/0n3fsbdj5c709fz0h5ct1nzr0000gn/T/.org.chromium.Chromium.0IWco0}, takesHeapSnapshot=true, pageLoadStrategy=normal, databaseEnabled=false, handlesAlerts=true, version=70.0.3538.77, browserConnectionEnabled=false, nativeEvents=true, locationContextEnabled=true, cssSelectorsEnabled=true}]
Session ID: 02bb588440dd62e9a930bcbcb72f6b8d
*** Element info: {Using=xpath, value=//a[@class='hucSprite s_checkout hlb-checkout-button']}
2018-10-28T15:23:36 | INFO | Logs | AmazonKindleTest | DRIVER QUIT
2018-10-28T15:24:24 | INFO | Logs | AmazonKindleTest | ***START of BEFORETEST***
2018-10-28T15:24:24 | INFO | Logs | AmazonKindleTest | Executing in CHROME Browser
2018-10-28T15:24:32 | INFO | Logs | AmazonKindleTest | URL Opened
2018-10-28T15:24:32 | ERROR | Logs | AmazonKindleTest | Exception Occured While Opening the browser org.openqa.selenium.WebDriverException: unknown error: failed to change window state to maximized, current state is normal
  (Session info: chrome=70.0.3538.77)
  (Driver info: chromedriver=2.43.600229 (3fae4d0cda5334b4f533bede5a4787f7b832d052),platform=Mac OS X 10.13.6 x86_64) (WARNING: The server did not provide any stacktrace information)
Command duration or timeout: 130 milliseconds
Build info: version: '2.53.0', revision: '35ae25b1534ae328c771e0856c93e187490ca824', time: '2016-03-15 10:43:46'
System info: host: 'Harikas-MacBook-Air.local', ip: '192.168.2.16', os.name: 'Mac OS X', os.arch: 'x86_64', os.version: '10.13.6', java.version: '1.8.0_144'
Driver info: org.openqa.selenium.chrome.ChromeDriver
Capabilities [{mobileEmulationEnabled=false, hasTouchScreen=false, platform=MAC, acceptSslCerts=false, goog:chromeOptions={debuggerAddress=localhost:59521}, acceptInsecureCerts=false, webStorageEnabled=true, browserName=chrome, takesScreenshot=true, javascriptEnabled=true, setWindowRect=true, unexpectedAlertBehaviour=, applicationCacheEnabled=false, rotatable=false, networkConnectionEnabled=false, chrome={chromedriverVersion=2.43.600229 (3fae4d0cda5334b4f533bede5a4787f7b832d052), userDataDir=/var/folders/vp/0n3fsbdj5c709fz0h5ct1nzr0000gn/T/.org.chromium.Chromium.Tvyv1m}, takesHeapSnapshot=true, pageLoadStrategy=normal, databaseEnabled=false, handlesAlerts=true, version=70.0.3538.77, browserConnectionEnabled=false, nativeEvents=true, locationContextEnabled=true, cssSelectorsEnabled=true}]
Session ID: c26e7af231e94eb55a4881deec9475bc
2018-10-28T15:24:32 | INFO | Logs | AmazonKindleTest | ********TESTCASE START**********
2018-10-28T15:24:32 | INFO | Logs | AmazonKindleTest | In Home Page
2018-10-28T15:24:36 | INFO | Logs | AmazonKindleTest | In Item Description Page
2018-10-28T15:24:37 | INFO | Logs | AmazonKindleTest | In Cart Details Page
2018-10-28T15:25:37 | ERROR | Logs | AmazonKindleTest | Element Not Found Exception org.openqa.selenium.NoSuchElementException: no such element: Unable to locate element: {"method":"xpath","selector":"//a[@class='hucSprite s_checkout hlb-checkout-button']"}
  (Session info: chrome=70.0.3538.77)
  (Driver info: chromedriver=2.43.600229 (3fae4d0cda5334b4f533bede5a4787f7b832d052),platform=Mac OS X 10.13.6 x86_64) (WARNING: The server did not provide any stacktrace information)
Command duration or timeout: 17 milliseconds
For documentation on this error, please visit: http://seleniumhq.org/exceptions/no_such_element.html
Build info: version: '2.53.0', revision: '35ae25b1534ae328c771e0856c93e187490ca824', time: '2016-03-15 10:43:46'
System info: host: 'Harikas-MacBook-Air.local', ip: '192.168.2.16', os.name: 'Mac OS X', os.arch: 'x86_64', os.version: '10.13.6', java.version: '1.8.0_144'
Driver info: org.openqa.selenium.chrome.ChromeDriver
Capabilities [{mobileEmulationEnabled=false, hasTouchScreen=false, platform=MAC, acceptSslCerts=false, goog:chromeOptions={debuggerAddress=localhost:59521}, acceptInsecureCerts=false, webStorageEnabled=true, browserName=chrome, takesScreenshot=true, javascriptEnabled=true, setWindowRect=true, unexpectedAlertBehaviour=, applicationCacheEnabled=false, rotatable=false, networkConnectionEnabled=false, chrome={chromedriverVersion=2.43.600229 (3fae4d0cda5334b4f533bede5a4787f7b832d052), userDataDir=/var/folders/vp/0n3fsbdj5c709fz0h5ct1nzr0000gn/T/.org.chromium.Chromium.Tvyv1m}, takesHeapSnapshot=true, pageLoadStrategy=normal, databaseEnabled=false, handlesAlerts=true, version=70.0.3538.77, browserConnectionEnabled=false, nativeEvents=true, locationContextEnabled=true, cssSelectorsEnabled=true}]
Session ID: c26e7af231e94eb55a4881deec9475bc
*** Element info: {Using=xpath, value=//a[@class='hucSprite s_checkout hlb-checkout-button']}
2018-10-28T15:25:38 | INFO | Logs | AmazonKindleTest | DRIVER QUIT
